2025-04-29 19:04:08 INFO  [background-preinit] o.h.validator.internal.util.Version - HV000001: Hibernate Validator 8.0.2.Final
2025-04-29 19:04:09 INFO  [restartedMain] c.e.javalabs.JavaLabsApplication - Starting JavaLabsApplication using Java 21.0.6 with PID 21724 (C:\Users\User\IdeaProjects\JavaProject\target\classes started by Alex in C:\Users\User\IdeaProjects\JavaProject)
2025-04-29 19:04:09 INFO  [restartedMain] c.e.javalabs.JavaLabsApplication - No active profile set, falling back to 1 default profile: "default"
2025-04-29 19:04:09 INFO  [restartedMain] o.s.b.d.e.DevToolsPropertyDefaultsPostProcessor - Devtools property defaults active! Set 'spring.devtools.add-properties' to 'false' to disable
2025-04-29 19:04:09 INFO  [restartedMain] o.s.b.d.e.DevToolsPropertyDefaultsPostProcessor - For additional web related logging consider setting the 'logging.level.web' property to 'DEBUG'
2025-04-29 19:04:16 INFO  [restartedMain] o.s.d.r.c.RepositoryConfigurationDelegate - Bootstrapping Spring Data JPA repositories in DEFAULT mode.
2025-04-29 19:04:16 INFO  [restartedMain] o.s.d.r.c.RepositoryConfigurationDelegate - Finished Spring Data repository scanning in 260 ms. Found 3 JPA repository interfaces.
2025-04-29 19:04:25 INFO  [restartedMain] o.s.b.w.e.tomcat.TomcatWebServer - Tomcat initialized with port 8080 (http)
2025-04-29 19:04:25 INFO  [restartedMain] o.a.coyote.http11.Http11NioProtocol - Initializing ProtocolHandler ["http-nio-8080"]
2025-04-29 19:04:25 INFO  [restartedMain] o.a.catalina.core.StandardService - Starting service [Tomcat]
2025-04-29 19:04:25 INFO  [restartedMain] o.a.catalina.core.StandardEngine - Starting Servlet engine: [Apache Tomcat/10.1.34]
2025-04-29 19:04:25 INFO  [restartedMain] o.a.c.c.C.[Tomcat].[localhost].[/] - Initializing Spring embedded WebApplicationContext
2025-04-29 19:04:25 INFO  [restartedMain] o.s.b.w.s.c.ServletWebServerApplicationContext - Root WebApplicationContext: initialization completed in 16383 ms
2025-04-29 19:04:26 INFO  [restartedMain] o.h.jpa.internal.util.LogHelper - HHH000204: Processing PersistenceUnitInfo [name: default]
2025-04-29 19:04:26 INFO  [restartedMain] org.hibernate.Version - HHH000412: Hibernate ORM core version 6.6.5.Final
2025-04-29 19:04:27 INFO  [restartedMain] o.h.c.i.RegionFactoryInitiator - HHH000026: Second-level cache disabled
2025-04-29 19:04:27 INFO  [restartedMain] o.s.o.j.p.SpringPersistenceUnitInfo - No LoadTimeWeaver setup: ignoring JPA class transformer
2025-04-29 19:04:28 INFO  [restartedMain] com.zaxxer.hikari.HikariDataSource - HikariPool-1 - Starting...
2025-04-29 19:04:28 INFO  [restartedMain] com.zaxxer.hikari.pool.HikariPool - HikariPool-1 - Added connection org.postgresql.jdbc.PgConnection@3ec890aa
2025-04-29 19:04:28 INFO  [restartedMain] com.zaxxer.hikari.HikariDataSource - HikariPool-1 - Start completed.
2025-04-29 19:04:28 WARN  [restartedMain] org.hibernate.orm.deprecation - HHH90000025: PostgreSQLDialect does not need to be specified explicitly using 'hibernate.dialect' (remove the property setting and it will be selected by default)
2025-04-29 19:04:28 INFO  [restartedMain] o.hibernate.orm.connections.pooling - HHH10001005: Database info:
	Database JDBC URL [Connecting through datasource 'HikariDataSource (HikariPool-1)']
	Database driver: undefined/unknown
	Database version: 17.4
	Autocommit mode: undefined/unknown
	Isolation level: undefined/unknown
	Minimum pool size: undefined/unknown
	Maximum pool size: undefined/unknown
2025-04-29 19:04:33 INFO  [restartedMain] o.h.e.t.j.p.i.JtaPlatformInitiator - HHH000489: No JTA platform available (set 'hibernate.transaction.jta.platform' to enable JTA platform integration)
2025-04-29 19:04:33 INFO  [restartedMain] o.s.o.j.LocalContainerEntityManagerFactoryBean - Initialized JPA EntityManagerFactory for persistence unit 'default'
2025-04-29 19:04:35 INFO  [restartedMain] o.s.d.j.r.query.QueryEnhancerFactory - Hibernate is in classpath; If applicable, HQL parser will be used.
2025-04-29 19:04:41 WARN  [restartedMain] o.s.b.a.o.j.JpaBaseConfiguration$JpaWebConfiguration - spring.jpa.open-in-view is enabled by default. Therefore, database queries may be performed during view rendering. Explicitly configure spring.jpa.open-in-view to disable this warning
2025-04-29 19:04:45 INFO  [restartedMain] o.s.b.d.a.OptionalLiveReloadServer - LiveReload server is running on port 35729
2025-04-29 19:04:46 INFO  [restartedMain] o.s.b.a.e.web.EndpointLinksResolver - Exposing 1 endpoint beneath base path '/actuator'
2025-04-29 19:04:46 INFO  [restartedMain] o.a.coyote.http11.Http11NioProtocol - Starting ProtocolHandler ["http-nio-8080"]
2025-04-29 19:04:46 INFO  [restartedMain] o.s.b.w.e.tomcat.TomcatWebServer - Tomcat started on port 8080 (http) with context path '/'
2025-04-29 19:04:46 INFO  [restartedMain] c.e.javalabs.JavaLabsApplication - Started JavaLabsApplication in 40.128 seconds (process running for 58.146)
2025-04-29 19:05:05 INFO  [http-nio-8080-exec-1] o.a.c.c.C.[Tomcat].[localhost].[/] - Initializing Spring DispatcherServlet 'dispatcherServlet'
2025-04-29 19:05:05 INFO  [http-nio-8080-exec-1] o.s.web.servlet.DispatcherServlet - Initializing Servlet 'dispatcherServlet'
2025-04-29 19:05:05 INFO  [http-nio-8080-exec-1] o.s.web.servlet.DispatcherServlet - Completed initialization in 6 ms
2025-04-29 19:05:05 DEBUG [http-nio-8080-exec-1] org.hibernate.SQL - select distinct f1_0.id,f1_0.category,f1_0.hourly_rate,f1_0.name,f1_0.rating from freelancers f1_0 left join freelancer_skills s1_0 on f1_0.id=s1_0.freelancer_id left join skills s1_1 on s1_1.id=s1_0.skill_id where (? is null or f1_0.category=?) and (? is null or s1_1.name=?)
2025-04-29 19:05:05 INFO  [http-nio-8080-exec-1] c.e.j.services.FreelancerServiceImpl - Data retrieved from database in 260657900 ns for category: null, skillName: null
2025-04-29 19:05:05 INFO  [http-nio-8080-exec-1] c.e.javalabs.cache.FreelancerCache - Added to cache: size=1
2025-04-29 19:05:05 INFO  [http-nio-8080-exec-1] c.e.javalabs.aspects.LoggingAspect - Method getFreelancers executed successfully with args: [null, null], result: <200 OK OK,[com.example.javalabs.models.Freelancer@63cc1ad, com.example.javalabs.models.Freelancer@403dd819, com.example.javalabs.models.Freelancer@4459f9e7, com.example.javalabs.models.Freelancer@7a387d4d, com.example.javalabs.models.Freelancer@4a01bd02, com.example.javalabs.models.Freelancer@63b2b161, com.example.javalabs.models.Freelancer@2f8a8ecf],[]>
2025-04-29 19:05:05 DEBUG [http-nio-8080-exec-1] org.hibernate.SQL - select o1_0.freelancer_id,o1_0.id,o1_0.description,o1_0.price from orders o1_0 where o1_0.freelancer_id=?
2025-04-29 19:05:05 DEBUG [http-nio-8080-exec-1] org.hibernate.SQL - select s1_0.freelancer_id,s1_1.id,s1_1.name from freelancer_skills s1_0 join skills s1_1 on s1_1.id=s1_0.skill_id where s1_0.freelancer_id=?
2025-04-29 19:05:05 DEBUG [http-nio-8080-exec-1] org.hibernate.SQL - select o1_0.freelancer_id,o1_0.id,o1_0.description,o1_0.price from orders o1_0 where o1_0.freelancer_id=?
2025-04-29 19:05:05 DEBUG [http-nio-8080-exec-1] org.hibernate.SQL - select s1_0.freelancer_id,s1_1.id,s1_1.name from freelancer_skills s1_0 join skills s1_1 on s1_1.id=s1_0.skill_id where s1_0.freelancer_id=?
2025-04-29 19:05:05 DEBUG [http-nio-8080-exec-1] org.hibernate.SQL - select o1_0.freelancer_id,o1_0.id,o1_0.description,o1_0.price from orders o1_0 where o1_0.freelancer_id=?
2025-04-29 19:05:05 DEBUG [http-nio-8080-exec-1] org.hibernate.SQL - select s1_0.freelancer_id,s1_1.id,s1_1.name from freelancer_skills s1_0 join skills s1_1 on s1_1.id=s1_0.skill_id where s1_0.freelancer_id=?
2025-04-29 19:05:05 DEBUG [http-nio-8080-exec-1] org.hibernate.SQL - select o1_0.freelancer_id,o1_0.id,o1_0.description,o1_0.price from orders o1_0 where o1_0.freelancer_id=?
2025-04-29 19:05:05 DEBUG [http-nio-8080-exec-1] org.hibernate.SQL - select s1_0.freelancer_id,s1_1.id,s1_1.name from freelancer_skills s1_0 join skills s1_1 on s1_1.id=s1_0.skill_id where s1_0.freelancer_id=?
2025-04-29 19:05:05 DEBUG [http-nio-8080-exec-1] org.hibernate.SQL - select o1_0.freelancer_id,o1_0.id,o1_0.description,o1_0.price from orders o1_0 where o1_0.freelancer_id=?
2025-04-29 19:05:05 DEBUG [http-nio-8080-exec-1] org.hibernate.SQL - select s1_0.freelancer_id,s1_1.id,s1_1.name from freelancer_skills s1_0 join skills s1_1 on s1_1.id=s1_0.skill_id where s1_0.freelancer_id=?
2025-04-29 19:05:05 DEBUG [http-nio-8080-exec-1] org.hibernate.SQL - select o1_0.freelancer_id,o1_0.id,o1_0.description,o1_0.price from orders o1_0 where o1_0.freelancer_id=?
2025-04-29 19:05:05 DEBUG [http-nio-8080-exec-1] org.hibernate.SQL - select s1_0.freelancer_id,s1_1.id,s1_1.name from freelancer_skills s1_0 join skills s1_1 on s1_1.id=s1_0.skill_id where s1_0.freelancer_id=?
2025-04-29 19:05:05 DEBUG [http-nio-8080-exec-1] org.hibernate.SQL - select o1_0.freelancer_id,o1_0.id,o1_0.description,o1_0.price from orders o1_0 where o1_0.freelancer_id=?
2025-04-29 19:05:05 DEBUG [http-nio-8080-exec-1] org.hibernate.SQL - select s1_0.freelancer_id,s1_1.id,s1_1.name from freelancer_skills s1_0 join skills s1_1 on s1_1.id=s1_0.skill_id where s1_0.freelancer_id=?
2025-04-29 19:05:05 INFO  [http-nio-8080-exec-2] c.e.javalabs.cache.FreelancerCache - Cache hit for hash: 2056267869
2025-04-29 19:05:05 INFO  [http-nio-8080-exec-2] c.e.j.services.FreelancerServiceImpl - Data retrieved from cache in 645800 ns for category: null, skillName: null
2025-04-29 19:05:05 INFO  [http-nio-8080-exec-2] c.e.javalabs.aspects.LoggingAspect - Method getFreelancers executed successfully with args: [null, null], result: <200 OK OK,[com.example.javalabs.models.Freelancer@63cc1ad, com.example.javalabs.models.Freelancer@403dd819, com.example.javalabs.models.Freelancer@4459f9e7, com.example.javalabs.models.Freelancer@7a387d4d, com.example.javalabs.models.Freelancer@4a01bd02, com.example.javalabs.models.Freelancer@63b2b161, com.example.javalabs.models.Freelancer@2f8a8ecf],[]>
